2023-02-06 00:00:30,326 [pool-8-thread-1] INFO  DailyWithdrawCommand Daily withdrawal successfully completed.
2023-02-06 00:02:30,330 [pool-8-thread-1] INFO  DailyWithdrawCommand Daily withdrawal successfully completed.
2023-02-06 00:04:30,331 [pool-8-thread-1] INFO  DailyWithdrawCommand Daily withdrawal successfully completed.
2023-02-06 00:06:30,331 [pool-8-thread-1] INFO  DailyWithdrawCommand Daily withdrawal successfully completed.
2023-02-06 00:08:30,331 [pool-8-thread-1] INFO  DailyWithdrawCommand Daily withdrawal successfully completed.
2023-02-06 00:10:30,330 [pool-8-thread-1] INFO  DailyWithdrawCommand Daily withdrawal successfully completed.
2023-02-06 00:12:30,330 [pool-8-thread-1] INFO  DailyWithdrawCommand Daily withdrawal successfully completed.
2023-02-06 00:14:30,330 [pool-8-thread-1] INFO  DailyWithdrawCommand Daily withdrawal successfully completed.
2023-02-06 00:16:30,336 [pool-8-thread-1] INFO  DailyWithdrawCommand Daily withdrawal successfully completed.
2023-02-06 00:16:31,986 [pool-9-thread-1] INFO  EmailUtil Email to emiliano1992@yahoo.com was sent.
2023-02-06 00:18:30,325 [pool-8-thread-1] INFO  DailyWithdrawCommand Daily withdrawal successfully completed.
2023-02-06 00:20:30,326 [pool-8-thread-1] INFO  DailyWithdrawCommand Daily withdrawal successfully completed.
2023-02-06 00:22:30,321 [pool-8-thread-1] INFO  DailyWithdrawCommand Daily withdrawal successfully completed.
2023-02-06 00:24:30,326 [pool-8-thread-1] INFO  DailyWithdrawCommand Daily withdrawal successfully completed.
2023-02-06 00:26:30,325 [pool-8-thread-1] INFO  DailyWithdrawCommand Daily withdrawal successfully completed.
2023-02-06 00:28:30,325 [pool-8-thread-1] INFO  DailyWithdrawCommand Daily withdrawal successfully completed.
2023-02-06 00:30:30,325 [pool-8-thread-1] INFO  DailyWithdrawCommand Daily withdrawal successfully completed.
2023-02-06 00:32:30,326 [pool-8-thread-1] INFO  DailyWithdrawCommand Daily withdrawal successfully completed.
2023-02-06 00:34:30,322 [pool-8-thread-1] INFO  DailyWithdrawCommand Daily withdrawal successfully completed.
2023-02-06 00:36:30,326 [pool-8-thread-1] INFO  DailyWithdrawCommand Daily withdrawal successfully completed.
2023-02-06 00:38:30,325 [pool-8-thread-1] INFO  DailyWithdrawCommand Daily withdrawal successfully completed.
2023-02-06 00:40:30,325 [pool-8-thread-1] INFO  DailyWithdrawCommand Daily withdrawal successfully completed.
2023-02-06 00:42:30,325 [pool-8-thread-1] INFO  DailyWithdrawCommand Daily withdrawal successfully completed.
2023-02-06 00:44:30,325 [pool-8-thread-1] INFO  DailyWithdrawCommand Daily withdrawal successfully completed.
2023-02-06 00:46:30,325 [pool-8-thread-1] INFO  DailyWithdrawCommand Daily withdrawal successfully completed.
2023-02-06 00:48:30,325 [pool-8-thread-1] INFO  DailyWithdrawCommand Daily withdrawal successfully completed.
2023-02-06 00:50:30,326 [pool-8-thread-1] INFO  DailyWithdrawCommand Daily withdrawal successfully completed.
2023-02-06 00:52:30,326 [pool-8-thread-1] INFO  DailyWithdrawCommand Daily withdrawal successfully completed.
2023-02-06 00:54:30,325 [pool-8-thread-1] INFO  DailyWithdrawCommand Daily withdrawal successfully completed.
2023-02-06 00:56:30,326 [pool-8-thread-1] INFO  DailyWithdrawCommand Daily withdrawal successfully completed.
2023-02-06 00:58:30,325 [pool-8-thread-1] INFO  DailyWithdrawCommand Daily withdrawal successfully completed.
2023-02-06 01:00:30,326 [pool-8-thread-1] INFO  DailyWithdrawCommand Daily withdrawal successfully completed.
2023-02-06 01:02:30,325 [pool-8-thread-1] INFO  DailyWithdrawCommand Daily withdrawal successfully completed.
2023-02-06 01:04:30,326 [pool-8-thread-1] INFO  DailyWithdrawCommand Daily withdrawal successfully completed.
2023-02-06 01:06:30,323 [pool-8-thread-1] INFO  DailyWithdrawCommand Daily withdrawal successfully completed.
2023-02-06 01:08:30,326 [pool-8-thread-1] INFO  DailyWithdrawCommand Daily withdrawal successfully completed.
2023-02-06 01:10:30,325 [pool-8-thread-1] INFO  DailyWithdrawCommand Daily withdrawal successfully completed.
2023-02-06 01:12:30,326 [pool-8-thread-1] INFO  DailyWithdrawCommand Daily withdrawal successfully completed.
2023-02-06 01:14:30,326 [pool-8-thread-1] INFO  DailyWithdrawCommand Daily withdrawal successfully completed.
2023-02-06 01:16:30,325 [pool-8-thread-1] INFO  DailyWithdrawCommand Daily withdrawal successfully completed.
2023-02-06 01:18:30,326 [pool-8-thread-1] INFO  DailyWithdrawCommand Daily withdrawal successfully completed.
2023-02-06 01:20:30,326 [pool-8-thread-1] INFO  DailyWithdrawCommand Daily withdrawal successfully completed.
2023-02-06 01:22:30,326 [pool-8-thread-1] INFO  DailyWithdrawCommand Daily withdrawal successfully completed.
2023-02-06 01:24:30,325 [pool-8-thread-1] INFO  DailyWithdrawCommand Daily withdrawal successfully completed.
2023-02-06 01:26:30,325 [pool-8-thread-1] INFO  DailyWithdrawCommand Daily withdrawal successfully completed.
2023-02-06 01:28:30,322 [pool-8-thread-1] INFO  DailyWithdrawCommand Daily withdrawal successfully completed.
2023-02-06 01:30:30,325 [pool-8-thread-1] INFO  DailyWithdrawCommand Daily withdrawal successfully completed.
2023-02-06 01:32:30,326 [pool-8-thread-1] INFO  DailyWithdrawCommand Daily withdrawal successfully completed.
2023-02-06 01:34:30,325 [pool-8-thread-1] INFO  DailyWithdrawCommand Daily withdrawal successfully completed.
2023-02-06 01:36:30,326 [pool-8-thread-1] INFO  DailyWithdrawCommand Daily withdrawal successfully completed.
2023-02-06 01:38:30,325 [pool-8-thread-1] INFO  DailyWithdrawCommand Daily withdrawal successfully completed.
2023-02-06 01:40:30,326 [pool-8-thread-1] INFO  DailyWithdrawCommand Daily withdrawal successfully completed.
2023-02-06 01:42:30,325 [pool-8-thread-1] INFO  DailyWithdrawCommand Daily withdrawal successfully completed.
2023-02-06 01:44:30,322 [pool-8-thread-1] INFO  DailyWithdrawCommand Daily withdrawal successfully completed.
2023-02-06 01:46:30,325 [pool-8-thread-1] INFO  DailyWithdrawCommand Daily withdrawal successfully completed.
2023-02-06 01:48:30,323 [pool-8-thread-1] INFO  DailyWithdrawCommand Daily withdrawal successfully completed.
2023-02-06 01:50:30,322 [pool-8-thread-1] INFO  DailyWithdrawCommand Daily withdrawal successfully completed.
2023-02-06 01:52:30,325 [pool-8-thread-1] INFO  DailyWithdrawCommand Daily withdrawal successfully completed.
2023-02-06 01:54:30,326 [pool-8-thread-1] INFO  DailyWithdrawCommand Daily withdrawal successfully completed.
2023-02-06 01:56:30,326 [pool-8-thread-1] INFO  DailyWithdrawCommand Daily withdrawal successfully completed.
2023-02-06 01:58:30,326 [pool-8-thread-1] INFO  DailyWithdrawCommand Daily withdrawal successfully completed.
2023-02-06 02:00:30,325 [pool-8-thread-1] INFO  DailyWithdrawCommand Daily withdrawal successfully completed.
2023-02-06 02:02:30,323 [pool-8-thread-1] INFO  DailyWithdrawCommand Daily withdrawal successfully completed.
2023-02-06 02:04:30,326 [pool-8-thread-1] INFO  DailyWithdrawCommand Daily withdrawal successfully completed.
2023-02-06 02:06:30,322 [pool-8-thread-1] INFO  DailyWithdrawCommand Daily withdrawal successfully completed.
2023-02-06 02:08:30,325 [pool-8-thread-1] INFO  DailyWithdrawCommand Daily withdrawal successfully completed.
2023-02-06 02:10:30,325 [pool-8-thread-1] INFO  DailyWithdrawCommand Daily withdrawal successfully completed.
2023-02-06 17:46:47,180 [pool-2-thread-1] INFO  DailyWithdrawCommand Daily withdrawal successfully completed.
2023-02-06 17:46:56,724 [http-nio-8080-exec-3] INFO  LogAccessFilter Login: Unlogged user, IP: 0:0:0:0:0:0:0:1 Page: /index.jsp/null Access time : 177 ms
2023-02-06 17:46:56,760 [http-nio-8080-exec-4] INFO  LogAccessFilter Login: Unlogged user, IP: 0:0:0:0:0:0:0:1 Page: /bootstrap/js/bootstrap.bundle.min.js/null Access time : 6 ms
2023-02-06 17:46:56,761 [http-nio-8080-exec-5] INFO  LogAccessFilter Login: Unlogged user, IP: 0:0:0:0:0:0:0:1 Page: /images/gb.png/null Access time : 7 ms
2023-02-06 17:46:56,767 [http-nio-8080-exec-6] INFO  LogAccessFilter Login: Unlogged user, IP: 0:0:0:0:0:0:0:1 Page: /images/ua.png/null Access time : 1 ms
2023-02-06 17:46:56,792 [http-nio-8080-exec-7] INFO  LogAccessFilter Login: Unlogged user, IP: 0:0:0:0:0:0:0:1 Page: /images/peakpx.jpg/null Access time : 1 ms
2023-02-06 17:47:27,394 [http-nio-8080-exec-2] INFO  LoginCommand User with login admin successfully logged in.
2023-02-06 17:47:27,394 [http-nio-8080-exec-2] INFO  LogAccessFilter Login: Unlogged user, IP: 0:0:0:0:0:0:0:1 Page: /controller/action=login Access time : 29 ms
2023-02-06 17:47:27,411 [http-nio-8080-exec-3] INFO  LogAccessFilter Login: admin, IP: 0:0:0:0:0:0:0:1 Page: /index.jsp/success=login Access time : 13 ms
2023-02-06 17:47:47,469 [http-nio-8080-exec-5] INFO  LogAccessFilter Login: admin, IP: 0:0:0:0:0:0:0:1 Page: /controller/action=adminMenu Access time : 60 ms
2023-02-06 17:47:47,500 [http-nio-8080-exec-4] INFO  LogAccessFilter Login: admin, IP: 0:0:0:0:0:0:0:1 Page: /js/admin_menu.js/null Access time : 5 ms
2023-02-06 17:47:49,873 [http-nio-8080-exec-6] INFO  LogAccessFilter Login: admin, IP: 0:0:0:0:0:0:0:1 Page: /controller/action=openUserRegistration Access time : 27 ms
2023-02-06 17:48:31,634 [http-nio-8080-exec-8] INFO  LogAccessFilter Login: admin, IP: 0:0:0:0:0:0:0:1 Page: /controller/action=registerUser Access time : 47 ms
2023-02-06 17:48:45,519 [http-nio-8080-exec-9] INFO  LogAccessFilter Login: admin, IP: 0:0:0:0:0:0:0:1 Page: /controller/action=registerUser Access time : 38 ms
2023-02-06 17:48:47,127 [pool-2-thread-1] INFO  DailyWithdrawCommand Daily withdrawal successfully completed.
2023-02-06 17:49:04,760 [http-nio-8080-exec-1] INFO  RegisterUserCommand User: [User,Name,subscriber1,winoca2167@chotunai.com, Kyiv] registered successfully.
2023-02-06 17:49:04,761 [http-nio-8080-exec-1] INFO  LogAccessFilter Login: admin, IP: 0:0:0:0:0:0:0:1 Page: /controller/action=registerUser Access time : 20 ms
2023-02-06 17:49:04,772 [http-nio-8080-exec-10] INFO  LogAccessFilter Login: admin, IP: 0:0:0:0:0:0:0:1 Page: /controller/action=openUserRegistration&success=register_user Access time : 6 ms
2023-02-06 17:49:06,702 [pool-3-thread-1] INFO  EmailUtil Email to winoca2167@chotunai.com was sent.
2023-02-06 17:49:17,840 [http-nio-8080-exec-2] INFO  LogoutCommand User successfully logged out.
2023-02-06 17:49:17,841 [http-nio-8080-exec-2] INFO  LogAccessFilter Login: admin, IP: 0:0:0:0:0:0:0:1 Page: /controller/action=logout Access time : 2 ms
2023-02-06 17:49:17,858 [http-nio-8080-exec-3] INFO  LogAccessFilter Login: Unlogged user, IP: 0:0:0:0:0:0:0:1 Page: /index.jsp/success=logout Access time : 8 ms
2023-02-06 17:49:27,568 [http-nio-8080-exec-5] INFO  LoginCommand User with login subscriber1 successfully logged in.
2023-02-06 17:49:27,569 [http-nio-8080-exec-5] INFO  LogAccessFilter Login: Unlogged user, IP: 0:0:0:0:0:0:0:1 Page: /controller/action=login Access time : 3 ms
2023-02-06 17:49:27,588 [http-nio-8080-exec-4] INFO  LogAccessFilter Login: subscriber1, IP: 0:0:0:0:0:0:0:1 Page: /index.jsp/success=login Access time : 13 ms
2023-02-06 17:49:28,885 [http-nio-8080-exec-6] INFO  LogAccessFilter Login: subscriber1, IP: 0:0:0:0:0:0:0:1 Page: /controller/action=viewProfile Access time : 27 ms
2023-02-06 17:49:28,908 [http-nio-8080-exec-7] INFO  LogAccessFilter Login: subscriber1, IP: 0:0:0:0:0:0:0:1 Page: /js/subscriber_menu.js/null Access time : 0 ms
2023-02-06 17:49:28,912 [http-nio-8080-exec-8] INFO  LogAccessFilter Login: subscriber1, IP: 0:0:0:0:0:0:0:1 Page: /js/validate_password_confirm.js/null Access time : 1 ms
2023-02-06 17:49:29,993 [http-nio-8080-exec-9] INFO  LogAccessFilter Login: subscriber1, IP: 0:0:0:0:0:0:0:1 Page: /controller/action=viewActiveTariffs Access time : 27 ms
2023-02-06 17:49:30,491 [http-nio-8080-exec-1] INFO  LogAccessFilter Login: subscriber1, IP: 0:0:0:0:0:0:0:1 Page: /controller/action=viewAccount Access time : 24 ms
2023-02-06 17:49:31,025 [http-nio-8080-exec-10] INFO  LogAccessFilter Login: subscriber1, IP: 0:0:0:0:0:0:0:1 Page: /controller/action=viewProfile Access time : 13 ms
2023-02-06 17:49:59,361 [http-nio-8080-exec-3] INFO  ChangePasswordCommand UserDTO [id=35, blocked=false, login=subscriber1, balance=0.00, firstName=User, lastName=Name, email=winoca2167@chotunai.com, city=Kyiv, address= 123 Street, role=SUBSCRIBER] changed password.
2023-02-06 17:49:59,361 [http-nio-8080-exec-3] INFO  LogAccessFilter Login: subscriber1, IP: 0:0:0:0:0:0:0:1 Page: /controller/action=changePassword Access time : 9 ms
2023-02-06 17:49:59,372 [http-nio-8080-exec-5] INFO  LogAccessFilter Login: subscriber1, IP: 0:0:0:0:0:0:0:1 Page: /controller/action=viewProfile&success=change_password Access time : 6 ms
2023-02-06 17:50:01,442 [http-nio-8080-exec-4] INFO  LogAccessFilter Login: subscriber1, IP: 0:0:0:0:0:0:0:1 Page: /controller/action=viewActiveTariffs Access time : 9 ms
2023-02-06 17:50:02,532 [http-nio-8080-exec-6] INFO  LogAccessFilter Login: subscriber1, IP: 0:0:0:0:0:0:0:1 Page: /controller/action=viewAccount Access time : 8 ms
2023-02-06 17:50:03,359 [http-nio-8080-exec-7] INFO  LogAccessFilter Login: subscriber1, IP: 0:0:0:0:0:0:0:1 Page: /controller/action=viewProfile Access time : 5 ms
2023-02-06 17:50:08,444 [http-nio-8080-exec-8] INFO  LogAccessFilter Login: subscriber1, IP: 0:0:0:0:0:0:0:1 Page: /controller/action=viewTariffs Access time : 39 ms
2023-02-06 17:50:08,465 [http-nio-8080-exec-9] INFO  LogAccessFilter Login: subscriber1, IP: 0:0:0:0:0:0:0:1 Page: /images/call-contact-phone-svgrepo-com.png/null Access time : 1 ms
2023-02-06 17:50:08,467 [http-nio-8080-exec-1] INFO  LogAccessFilter Login: subscriber1, IP: 0:0:0:0:0:0:0:1 Page: /images/connection-svgrepo-com.png/null Access time : 0 ms
2023-02-06 17:50:08,468 [http-nio-8080-exec-10] INFO  LogAccessFilter Login: subscriber1, IP: 0:0:0:0:0:0:0:1 Page: /images/satelite-svgrepo-com.png/null Access time : 1 ms
2023-02-06 17:50:08,473 [http-nio-8080-exec-2] INFO  LogAccessFilter Login: subscriber1, IP: 0:0:0:0:0:0:0:1 Page: /images/smart-svgrepo-com.png/null Access time : 1 ms
2023-02-06 17:50:08,474 [http-nio-8080-exec-3] INFO  LogAccessFilter Login: subscriber1, IP: 0:0:0:0:0:0:0:1 Page: /images/arrow.png/null Access time : 0 ms
2023-02-06 17:50:08,483 [http-nio-8080-exec-5] INFO  LogAccessFilter Login: subscriber1, IP: 0:0:0:0:0:0:0:1 Page: /js/tariff_menu.js/null Access time : 0 ms
2023-02-06 17:50:09,724 [http-nio-8080-exec-4] INFO  LogAccessFilter Login: subscriber1, IP: 0:0:0:0:0:0:0:1 Page: /controller/action=viewTariffs&sortingField=name&sortingOrder=&rowNumber=5&service=TELEPHONE Access time : 13 ms
2023-02-06 17:50:13,395 [http-nio-8080-exec-6] INFO  LogAccessFilter Login: subscriber1, IP: 0:0:0:0:0:0:0:1 Page: /controller/action=connectTariff Access time : 20 ms
2023-02-06 17:50:21,333 [http-nio-8080-exec-7] INFO  LogAccessFilter Login: subscriber1, IP: 0:0:0:0:0:0:0:1 Page: /controller/action=viewProfile Access time : 18 ms
2023-02-06 17:50:23,061 [http-nio-8080-exec-8] INFO  LogAccessFilter Login: subscriber1, IP: 0:0:0:0:0:0:0:1 Page: /controller/action=viewActiveTariffs Access time : 15 ms
2023-02-06 17:50:23,869 [http-nio-8080-exec-9] INFO  LogAccessFilter Login: subscriber1, IP: 0:0:0:0:0:0:0:1 Page: /controller/action=viewAccount Access time : 23 ms
2023-02-06 17:50:30,249 [http-nio-8080-exec-5] INFO  ReplenishCommand User(id = 35) replenished the account with $100
2023-02-06 17:50:30,250 [http-nio-8080-exec-5] INFO  LogAccessFilter Login: subscriber1, IP: 0:0:0:0:0:0:0:1 Page: /controller/action=replenish Access time : 12 ms
2023-02-06 17:50:30,276 [http-nio-8080-exec-4] INFO  LogAccessFilter Login: subscriber1, IP: 0:0:0:0:0:0:0:1 Page: /controller/action=viewAccount&success=replenish Access time : 19 ms
2023-02-06 17:50:34,138 [http-nio-8080-exec-6] INFO  LogAccessFilter Login: subscriber1, IP: 0:0:0:0:0:0:0:1 Page: /controller/action=changeLanguage Access time : 0 ms
2023-02-06 17:50:34,163 [http-nio-8080-exec-8] INFO  LogAccessFilter Login: subscriber1, IP: 0:0:0:0:0:0:0:1 Page: /index.jsp/null Access time : 6 ms
2023-02-06 17:50:34,697 [http-nio-8080-exec-9] INFO  LogAccessFilter Login: subscriber1, IP: 0:0:0:0:0:0:0:1 Page: /controller/action=viewProfile Access time : 8 ms
2023-02-06 17:50:35,749 [http-nio-8080-exec-1] INFO  LogAccessFilter Login: subscriber1, IP: 0:0:0:0:0:0:0:1 Page: /controller/action=viewAccount Access time : 8 ms
2023-02-06 17:50:40,791 [http-nio-8080-exec-10] INFO  LogAccessFilter Login: subscriber1, IP: 0:0:0:0:0:0:0:1 Page: /controller/action=viewTariffs Access time : 10 ms
2023-02-06 17:50:43,774 [http-nio-8080-exec-2] INFO  ConnectTariffCommand User(id = 35) added tariff(id = 1).
2023-02-06 17:50:43,775 [http-nio-8080-exec-2] INFO  LogAccessFilter Login: subscriber1, IP: 0:0:0:0:0:0:0:1 Page: /controller/action=connectTariff Access time : 14 ms
2023-02-06 17:50:43,790 [http-nio-8080-exec-3] INFO  LogAccessFilter Login: subscriber1, IP: 0:0:0:0:0:0:0:1 Page: /controller/action=viewTariffs&success=connect_tariff Access time : 10 ms
2023-02-06 17:50:46,940 [http-nio-8080-exec-5] INFO  LogAccessFilter Login: subscriber1, IP: 0:0:0:0:0:0:0:1 Page: /controller/action=viewTariffs&page=2&sortingField=name&sortingOrder=&service=ALL&rowNumber=5 Access time : 14 ms
2023-02-06 17:50:47,132 [pool-2-thread-1] INFO  DailyWithdrawCommand Daily withdrawal successfully completed.
2023-02-06 17:50:48,936 [http-nio-8080-exec-4] INFO  LogAccessFilter Login: subscriber1, IP: 0:0:0:0:0:0:0:1 Page: /controller/action=viewTariffs&page=3&sortingField=name&sortingOrder=DESC&service=ALL&rowNumber=5 Access time : 7 ms
2023-02-06 17:50:51,650 [http-nio-8080-exec-6] INFO  ConnectTariffCommand User(id = 35) added tariff(id = 7).
2023-02-06 17:50:51,651 [http-nio-8080-exec-6] INFO  LogAccessFilter Login: subscriber1, IP: 0:0:0:0:0:0:0:1 Page: /controller/action=connectTariff Access time : 15 ms
2023-02-06 17:50:51,663 [http-nio-8080-exec-7] INFO  LogAccessFilter Login: subscriber1, IP: 0:0:0:0:0:0:0:1 Page: /controller/action=viewTariffs&success=connect_tariff Access time : 7 ms
2023-02-06 17:50:54,233 [http-nio-8080-exec-8] INFO  LogAccessFilter Login: subscriber1, IP: 0:0:0:0:0:0:0:1 Page: /controller/action=viewTariffs&page=5&sortingField=name&sortingOrder=&service=ALL&rowNumber=5 Access time : 12 ms
2023-02-06 17:50:56,715 [http-nio-8080-exec-9] INFO  LogAccessFilter Login: subscriber1, IP: 0:0:0:0:0:0:0:1 Page: /controller/action=viewTariffs&page=7&sortingField=name&sortingOrder=DESC&service=ALL&rowNumber=5 Access time : 10 ms
2023-02-06 17:51:00,160 [http-nio-8080-exec-1] INFO  ConnectTariffCommand User(id = 35) added tariff(id = 21).
2023-02-06 17:51:00,160 [http-nio-8080-exec-1] INFO  LogAccessFilter Login: subscriber1, IP: 0:0:0:0:0:0:0:1 Page: /controller/action=connectTariff Access time : 14 ms
2023-02-06 17:51:00,173 [http-nio-8080-exec-10] INFO  LogAccessFilter Login: subscriber1, IP: 0:0:0:0:0:0:0:1 Page: /controller/action=viewTariffs&success=connect_tariff Access time : 7 ms
2023-02-06 17:51:05,310 [http-nio-8080-exec-2] INFO  LogAccessFilter Login: subscriber1, IP: 0:0:0:0:0:0:0:1 Page: /controller/action=viewTariffs&sortingField=name&sortingOrder=&rowNumber=5&service=TELEPHONE Access time : 13 ms
2023-02-06 17:51:07,422 [http-nio-8080-exec-3] INFO  ConnectTariffCommand User(id = 35) added tariff(id = 40).
2023-02-06 17:51:07,423 [http-nio-8080-exec-3] INFO  LogAccessFilter Login: subscriber1, IP: 0:0:0:0:0:0:0:1 Page: /controller/action=connectTariff Access time : 14 ms
2023-02-06 17:51:07,443 [http-nio-8080-exec-5] INFO  LogAccessFilter Login: subscriber1, IP: 0:0:0:0:0:0:0:1 Page: /controller/action=viewTariffs&success=connect_tariff Access time : 13 ms
2023-02-06 17:51:10,339 [http-nio-8080-exec-4] INFO  LogAccessFilter Login: subscriber1, IP: 0:0:0:0:0:0:0:1 Page: /controller/action=connectTariff Access time : 8 ms
2023-02-06 17:51:11,572 [http-nio-8080-exec-6] INFO  LogAccessFilter Login: subscriber1, IP: 0:0:0:0:0:0:0:1 Page: /controller/action=viewTariffs&sortingField=name&sortingOrder=&rowNumber=5&service=TELEPHONE Access time : 13 ms
2023-02-06 17:51:13,506 [http-nio-8080-exec-7] INFO  LogAccessFilter Login: subscriber1, IP: 0:0:0:0:0:0:0:1 Page: /controller/action=connectTariff Access time : 8 ms
2023-02-06 17:51:15,074 [http-nio-8080-exec-8] INFO  LogAccessFilter Login: subscriber1, IP: 0:0:0:0:0:0:0:1 Page: /controller/action=viewProfile Access time : 13 ms
2023-02-06 17:51:15,776 [http-nio-8080-exec-9] INFO  LogAccessFilter Login: subscriber1, IP: 0:0:0:0:0:0:0:1 Page: /controller/action=viewAccount Access time : 10 ms
2023-02-06 17:51:50,431 [http-nio-8080-exec-10] INFO  LogAccessFilter Login: subscriber1, IP: 0:0:0:0:0:0:0:1 Page: /controller/action=viewAccount Access time : 9 ms
2023-02-06 17:51:54,345 [http-nio-8080-exec-2] INFO  LogAccessFilter Login: subscriber1, IP: 0:0:0:0:0:0:0:1 Page: /index.jsp/null Access time : 6 ms
2023-02-06 17:51:56,724 [http-nio-8080-exec-3] INFO  LogAccessFilter Login: subscriber1, IP: 0:0:0:0:0:0:0:1 Page: /controller/action=viewTariffs Access time : 12 ms
2023-02-06 17:52:16,255 [http-nio-8080-exec-5] INFO  LogAccessFilter Login: subscriber1, IP: 0:0:0:0:0:0:0:1 Page: /controller/action=viewProfile Access time : 7 ms
2023-02-06 17:52:18,093 [http-nio-8080-exec-4] INFO  LogAccessFilter Login: subscriber1, IP: 0:0:0:0:0:0:0:1 Page: /controller/action=viewAccount Access time : 13 ms
2023-02-06 17:52:36,011 [http-nio-8080-exec-6] INFO  LogAccessFilter Login: subscriber1, IP: 0:0:0:0:0:0:0:1 Page: /controller/action=viewAccount Access time : 13 ms
2023-02-06 17:52:36,942 [http-nio-8080-exec-7] INFO  LogAccessFilter Login: subscriber1, IP: 0:0:0:0:0:0:0:1 Page: /controller/action=viewActiveTariffs Access time : 18 ms
2023-02-06 17:52:37,473 [http-nio-8080-exec-8] INFO  LogAccessFilter Login: subscriber1, IP: 0:0:0:0:0:0:0:1 Page: /controller/action=viewAccount Access time : 5 ms
2023-02-06 17:52:38,607 [http-nio-8080-exec-9] INFO  LogAccessFilter Login: subscriber1, IP: 0:0:0:0:0:0:0:1 Page: /controller/action=viewTariffs Access time : 6 ms
2023-02-06 17:52:43,525 [http-nio-8080-exec-1] INFO  LogAccessFilter Login: subscriber1, IP: 0:0:0:0:0:0:0:1 Page: /faq.jsp/null Access time : 24 ms
2023-02-06 17:52:44,163 [http-nio-8080-exec-10] INFO  LogAccessFilter Login: subscriber1, IP: 0:0:0:0:0:0:0:1 Page: /about.jsp/null Access time : 24 ms
2023-02-06 17:52:44,839 [http-nio-8080-exec-2] INFO  LogAccessFilter Login: subscriber1, IP: 0:0:0:0:0:0:0:1 Page: /controller/action=viewTariffs Access time : 8 ms
2023-02-06 17:52:45,442 [http-nio-8080-exec-3] INFO  LogAccessFilter Login: subscriber1, IP: 0:0:0:0:0:0:0:1 Page: /index.jsp/null Access time : 8 ms
2023-02-06 17:52:46,112 [http-nio-8080-exec-5] INFO  LogAccessFilter Login: subscriber1, IP: 0:0:0:0:0:0:0:1 Page: /about.jsp/null Access time : 2 ms
2023-02-06 17:52:47,155 [pool-2-thread-1] INFO  DailyWithdrawCommand Daily withdrawal successfully completed.
2023-02-06 17:52:48,163 [http-nio-8080-exec-4] INFO  LogAccessFilter Login: subscriber1, IP: 0:0:0:0:0:0:0:1 Page: /faq.jsp/null Access time : 6 ms
2023-02-06 17:52:49,001 [pool-3-thread-1] INFO  EmailUtil Email to winoca2167@chotunai.com was sent.
2023-02-06 17:52:49,145 [http-nio-8080-exec-6] INFO  LogAccessFilter Login: subscriber1, IP: 0:0:0:0:0:0:0:1 Page: /index.jsp/null Access time : 4 ms
2023-02-06 17:52:50,682 [http-nio-8080-exec-7] INFO  LogAccessFilter Login: subscriber1, IP: 0:0:0:0:0:0:0:1 Page: /controller/action=viewTariffs Access time : 10 ms
2023-02-06 17:53:01,530 [http-nio-8080-exec-8] INFO  LogAccessFilter Login: subscriber1, IP: 0:0:0:0:0:0:0:1 Page: /controller/action=viewProfile Access time : 9 ms
2023-02-06 17:53:02,809 [http-nio-8080-exec-9] INFO  LogAccessFilter Login: subscriber1, IP: 0:0:0:0:0:0:0:1 Page: /controller/action=viewActiveTariffs Access time : 12 ms
2023-02-06 17:53:03,520 [http-nio-8080-exec-1] INFO  LogAccessFilter Login: subscriber1, IP: 0:0:0:0:0:0:0:1 Page: /controller/action=viewAccount Access time : 13 ms
2023-02-06 17:53:06,406 [http-nio-8080-exec-10] INFO  LogAccessFilter Login: subscriber1, IP: 0:0:0:0:0:0:0:1 Page: /controller/action=viewActiveTariffs Access time : 7 ms
2023-02-06 17:53:13,020 [http-nio-8080-exec-2] INFO  DisableTariffCommand User(id = 35) disabled tariff(id = 7).
2023-02-06 17:53:13,021 [http-nio-8080-exec-2] INFO  LogAccessFilter Login: subscriber1, IP: 0:0:0:0:0:0:0:1 Page: /controller/action=disableTariff Access time : 8 ms
2023-02-06 17:53:13,035 [http-nio-8080-exec-3] INFO  LogAccessFilter Login: subscriber1, IP: 0:0:0:0:0:0:0:1 Page: /controller/action=viewActiveTariffs&success=disable_tariff Access time : 8 ms
2023-02-06 17:53:15,602 [http-nio-8080-exec-5] INFO  LogAccessFilter Login: subscriber1, IP: 0:0:0:0:0:0:0:1 Page: /controller/action=viewTariffs Access time : 10 ms
2023-02-06 17:53:16,353 [http-nio-8080-exec-4] INFO  LogAccessFilter Login: subscriber1, IP: 0:0:0:0:0:0:0:1 Page: /controller/action=viewProfile Access time : 13 ms
2023-02-06 17:53:17,156 [http-nio-8080-exec-6] INFO  LogAccessFilter Login: subscriber1, IP: 0:0:0:0:0:0:0:1 Page: /controller/action=viewAccount Access time : 13 ms
2023-02-06 17:53:18,392 [http-nio-8080-exec-7] INFO  LogAccessFilter Login: subscriber1, IP: 0:0:0:0:0:0:0:1 Page: /controller/action=viewTariffs Access time : 9 ms
2023-02-06 17:53:20,703 [http-nio-8080-exec-8] INFO  LogAccessFilter Login: subscriber1, IP: 0:0:0:0:0:0:0:1 Page: /controller/action=viewTariffs&sortingField=rate&sortingOrder=&service=ALL&rowNumber=5 Access time : 10 ms
2023-02-06 17:53:24,064 [http-nio-8080-exec-9] INFO  ConnectTariffCommand User(id = 35) added tariff(id = 25).
2023-02-06 17:53:24,065 [http-nio-8080-exec-9] INFO  LogAccessFilter Login: subscriber1, IP: 0:0:0:0:0:0:0:1 Page: /controller/action=connectTariff Access time : 22 ms
2023-02-06 17:53:24,095 [http-nio-8080-exec-1] INFO  LogAccessFilter Login: subscriber1, IP: 0:0:0:0:0:0:0:1 Page: /controller/action=viewTariffs&success=connect_tariff Access time : 18 ms
2023-02-06 17:53:25,211 [http-nio-8080-exec-10] INFO  LogAccessFilter Login: subscriber1, IP: 0:0:0:0:0:0:0:1 Page: /controller/action=viewProfile Access time : 5 ms
2023-02-06 17:53:26,101 [http-nio-8080-exec-2] INFO  LogAccessFilter Login: subscriber1, IP: 0:0:0:0:0:0:0:1 Page: /controller/action=viewAccount Access time : 13 ms
2023-02-06 17:53:27,650 [http-nio-8080-exec-3] INFO  LogAccessFilter Login: subscriber1, IP: 0:0:0:0:0:0:0:1 Page: /controller/action=viewActiveTariffs Access time : 9 ms
2023-02-06 17:53:47,326 [http-nio-8080-exec-5] INFO  LogAccessFilter Login: subscriber1, IP: 0:0:0:0:0:0:0:1 Page: /controller/action=viewAccount Access time : 11 ms
2023-02-06 17:53:49,839 [http-nio-8080-exec-4] INFO  LogAccessFilter Login: subscriber1, IP: 0:0:0:0:0:0:0:1 Page: /controller/action=viewActiveTariffs Access time : 6 ms
2023-02-06 17:53:56,976 [http-nio-8080-exec-6] INFO  LogAccessFilter Login: subscriber1, IP: 0:0:0:0:0:0:0:1 Page: /controller/action=viewAccount Access time : 12 ms
2023-02-06 17:53:58,464 [http-nio-8080-exec-7] INFO  LogAccessFilter Login: subscriber1, IP: 0:0:0:0:0:0:0:1 Page: /controller/action=viewProfile Access time : 7 ms
2023-02-06 17:54:15,808 [http-nio-8080-exec-8] INFO  LogAccessFilter Login: subscriber1, IP: 0:0:0:0:0:0:0:1 Page: /controller/action=viewTariffs Access time : 10 ms
2023-02-06 17:54:16,175 [http-nio-8080-exec-9] INFO  LogAccessFilter Login: subscriber1, IP: 0:0:0:0:0:0:0:1 Page: /controller/action=viewTariffs Access time : 7 ms
2023-02-06 17:54:19,711 [http-nio-8080-exec-1] INFO  LogAccessFilter Login: subscriber1, IP: 0:0:0:0:0:0:0:1 Page: /controller/action=viewProfile Access time : 11 ms
2023-02-06 17:54:20,583 [http-nio-8080-exec-10] INFO  LogAccessFilter Login: subscriber1, IP: 0:0:0:0:0:0:0:1 Page: /controller/action=viewAccount Access time : 23 ms
2023-02-06 17:54:23,087 [http-nio-8080-exec-2] INFO  LogAccessFilter Login: subscriber1, IP: 0:0:0:0:0:0:0:1 Page: /controller/action=viewActiveTariffs Access time : 9 ms
2023-02-06 17:54:47,131 [pool-2-thread-1] INFO  DailyWithdrawCommand Daily withdrawal successfully completed.
2023-02-06 17:54:48,377 [pool-3-thread-1] INFO  EmailUtil Email to winoca2167@chotunai.com was sent.
2023-02-06 17:55:05,401 [http-nio-8080-exec-5] INFO  LogAccessFilter Login: subscriber1, IP: 0:0:0:0:0:0:0:1 Page: /controller/action=viewActiveTariffs Access time : 8 ms
2023-02-06 17:55:06,001 [http-nio-8080-exec-4] INFO  LogAccessFilter Login: subscriber1, IP: 0:0:0:0:0:0:0:1 Page: /controller/action=viewAccount Access time : 9 ms
2023-02-06 17:55:17,717 [http-nio-8080-exec-6] INFO  LogAccessFilter Login: subscriber1, IP: 0:0:0:0:0:0:0:1 Page: /controller/action=changeLanguage Access time : 1 ms
2023-02-06 17:55:17,734 [http-nio-8080-exec-8] INFO  LogAccessFilter Login: subscriber1, IP: 0:0:0:0:0:0:0:1 Page: /index.jsp/null Access time : 3 ms
2023-02-06 17:55:18,721 [http-nio-8080-exec-9] INFO  LogAccessFilter Login: subscriber1, IP: 0:0:0:0:0:0:0:1 Page: /controller/action=viewProfile Access time : 4 ms
2023-02-06 17:55:19,689 [http-nio-8080-exec-1] INFO  LogAccessFilter Login: subscriber1, IP: 0:0:0:0:0:0:0:1 Page: /controller/action=viewAccount Access time : 9 ms
2023-02-06 17:55:57,756 [http-nio-8080-exec-2] INFO  LogAccessFilter Login: subscriber1, IP: 0:0:0:0:0:0:0:1 Page: /controller/action=changeLanguage Access time : 0 ms
2023-02-06 17:55:57,776 [http-nio-8080-exec-5] INFO  LogAccessFilter Login: subscriber1, IP: 0:0:0:0:0:0:0:1 Page: /index.jsp/null Access time : 2 ms
2023-02-06 17:55:58,680 [http-nio-8080-exec-4] INFO  LogAccessFilter Login: subscriber1, IP: 0:0:0:0:0:0:0:1 Page: /controller/action=viewProfile Access time : 3 ms
2023-02-06 17:55:59,585 [http-nio-8080-exec-6] INFO  LogAccessFilter Login: subscriber1, IP: 0:0:0:0:0:0:0:1 Page: /controller/action=viewAccount Access time : 10 ms
2023-02-06 17:56:02,077 [http-nio-8080-exec-7] INFO  LogAccessFilter Login: subscriber1, IP: 0:0:0:0:0:0:0:1 Page: /controller/action=viewActiveTariffs Access time : 6 ms
2023-02-06 17:56:04,726 [http-nio-8080-exec-8] INFO  DisableTariffCommand User(id = 35) disabled tariff(id = 21).
2023-02-06 17:56:04,728 [http-nio-8080-exec-8] INFO  LogAccessFilter Login: subscriber1, IP: 0:0:0:0:0:0:0:1 Page: /controller/action=disableTariff Access time : 9 ms
2023-02-06 17:56:04,740 [http-nio-8080-exec-9] INFO  LogAccessFilter Login: subscriber1, IP: 0:0:0:0:0:0:0:1 Page: /controller/action=viewActiveTariffs&success=disable_tariff Access time : 5 ms
2023-02-06 17:56:06,459 [http-nio-8080-exec-1] INFO  LogAccessFilter Login: subscriber1, IP: 0:0:0:0:0:0:0:1 Page: /controller/action=viewAccount Access time : 7 ms
2023-02-06 17:56:07,946 [http-nio-8080-exec-10] INFO  LogAccessFilter Login: subscriber1, IP: 0:0:0:0:0:0:0:1 Page: /controller/action=viewActiveTariffs Access time : 8 ms
2023-02-06 17:56:10,264 [http-nio-8080-exec-2] INFO  DisableTariffCommand User(id = 35) disabled tariff(id = 40).
2023-02-06 17:56:10,269 [http-nio-8080-exec-2] INFO  DisableTariffCommand User(id = 35) has been unblocked due to disconnection of the tariff.
2023-02-06 17:56:10,269 [http-nio-8080-exec-2] INFO  LogAccessFilter Login: subscriber1, IP: 0:0:0:0:0:0:0:1 Page: /controller/action=disableTariff Access time : 12 ms
2023-02-06 17:56:10,279 [http-nio-8080-exec-3] INFO  LogAccessFilter Login: subscriber1, IP: 0:0:0:0:0:0:0:1 Page: /controller/action=viewActiveTariffs&success=disable_tariff Access time : 5 ms
2023-02-06 17:56:11,384 [http-nio-8080-exec-5] INFO  LogAccessFilter Login: subscriber1, IP: 0:0:0:0:0:0:0:1 Page: /controller/action=viewAccount Access time : 16 ms
2023-02-06 17:56:13,625 [http-nio-8080-exec-4] INFO  LogAccessFilter Login: subscriber1, IP: 0:0:0:0:0:0:0:1 Page: /controller/action=viewActiveTariffs Access time : 7 ms
2023-02-06 17:56:34,102 [http-nio-8080-exec-7] INFO  LogAccessFilter Login: subscriber1, IP: 0:0:0:0:0:0:0:1 Page: /controller/action=viewProfile Access time : 6 ms
2023-02-06 17:56:35,122 [http-nio-8080-exec-8] INFO  LogAccessFilter Login: subscriber1, IP: 0:0:0:0:0:0:0:1 Page: /controller/action=viewActiveTariffs Access time : 4 ms
2023-02-06 17:56:35,724 [http-nio-8080-exec-9] INFO  LogAccessFilter Login: subscriber1, IP: 0:0:0:0:0:0:0:1 Page: /controller/action=viewProfile Access time : 5 ms
2023-02-06 17:56:37,319 [http-nio-8080-exec-1] INFO  LogAccessFilter Login: subscriber1, IP: 0:0:0:0:0:0:0:1 Page: /index.jsp/null Access time : 10 ms
2023-02-06 17:56:38,182 [http-nio-8080-exec-10] INFO  LogAccessFilter Login: subscriber1, IP: 0:0:0:0:0:0:0:1 Page: /controller/action=viewTariffs Access time : 9 ms
2023-02-06 17:56:41,638 [http-nio-8080-exec-2] INFO  LogAccessFilter Login: subscriber1, IP: 0:0:0:0:0:0:0:1 Page: /controller/action=downloadTariffs&service=ALL Access time : 228 ms
2023-02-06 17:56:47,128 [pool-2-thread-1] INFO  DailyWithdrawCommand Daily withdrawal successfully completed.
2023-02-06 17:56:51,731 [http-nio-8080-exec-3] INFO  LogAccessFilter Login: subscriber1, IP: 0:0:0:0:0:0:0:1 Page: /controller/action=changeLanguage Access time : 0 ms
2023-02-06 17:56:51,771 [http-nio-8080-exec-4] INFO  LogAccessFilter Login: subscriber1, IP: 0:0:0:0:0:0:0:1 Page: /index.jsp/null Access time : 4 ms
2023-02-06 17:56:53,123 [http-nio-8080-exec-6] INFO  LogAccessFilter Login: subscriber1, IP: 0:0:0:0:0:0:0:1 Page: /controller/action=viewTariffs Access time : 7 ms
2023-02-06 17:56:54,496 [http-nio-8080-exec-7] INFO  LogAccessFilter Login: subscriber1, IP: 0:0:0:0:0:0:0:1 Page: /controller/action=downloadTariffs&service=ALL Access time : 51 ms
2023-02-06 17:57:05,645 [http-nio-8080-exec-8] INFO  LogAccessFilter Login: subscriber1, IP: 0:0:0:0:0:0:0:1 Page: /controller/action=viewProfile Access time : 12 ms
2023-02-06 17:57:06,710 [http-nio-8080-exec-9] INFO  LogAccessFilter Login: subscriber1, IP: 0:0:0:0:0:0:0:1 Page: /controller/action=viewActiveTariffs Access time : 7 ms
2023-02-06 17:57:09,065 [http-nio-8080-exec-1] INFO  LogAccessFilter Login: subscriber1, IP: 0:0:0:0:0:0:0:1 Page: /controller/action=viewProfile Access time : 5 ms
2023-02-06 17:57:10,749 [http-nio-8080-exec-10] INFO  LogAccessFilter Login: subscriber1, IP: 0:0:0:0:0:0:0:1 Page: /controller/action=viewActiveTariffs Access time : 8 ms
2023-02-06 17:57:12,849 [http-nio-8080-exec-2] INFO  LogAccessFilter Login: subscriber1, IP: 0:0:0:0:0:0:0:1 Page: /controller/action=viewAccount Access time : 9 ms
2023-02-06 17:57:26,579 [http-nio-8080-exec-3] INFO  LogoutCommand User successfully logged out.
2023-02-06 17:57:26,579 [http-nio-8080-exec-3] INFO  LogAccessFilter Login: subscriber1, IP: 0:0:0:0:0:0:0:1 Page: /controller/action=logout Access time : 1 ms
2023-02-06 17:57:26,593 [http-nio-8080-exec-5] INFO  LogAccessFilter Login: Unlogged user, IP: 0:0:0:0:0:0:0:1 Page: /index.jsp/success=logout Access time : 4 ms
2023-02-06 17:57:31,962 [http-nio-8080-exec-4] INFO  LoginCommand User with login admin successfully logged in.
2023-02-06 17:57:31,963 [http-nio-8080-exec-4] INFO  LogAccessFilter Login: Unlogged user, IP: 0:0:0:0:0:0:0:1 Page: /controller/action=login Access time : 2 ms
2023-02-06 17:57:31,970 [http-nio-8080-exec-6] INFO  LogAccessFilter Login: admin, IP: 0:0:0:0:0:0:0:1 Page: /index.jsp/success=login Access time : 3 ms
2023-02-06 17:57:33,273 [http-nio-8080-exec-7] INFO  LogAccessFilter Login: admin, IP: 0:0:0:0:0:0:0:1 Page: /controller/action=viewTariffs Access time : 16 ms
2023-02-06 17:57:35,348 [http-nio-8080-exec-8] INFO  LogAccessFilter Login: admin, IP: 0:0:0:0:0:0:0:1 Page: /controller/action=changeLanguage Access time : 1 ms
2023-02-06 17:57:35,363 [http-nio-8080-exec-1] INFO  LogAccessFilter Login: admin, IP: 0:0:0:0:0:0:0:1 Page: /index.jsp/null Access time : 2 ms
2023-02-06 17:57:36,672 [http-nio-8080-exec-10] INFO  LogAccessFilter Login: admin, IP: 0:0:0:0:0:0:0:1 Page: /controller/action=viewTariffs Access time : 5 ms
2023-02-06 17:57:38,097 [http-nio-8080-exec-2] INFO  LogAccessFilter Login: admin, IP: 0:0:0:0:0:0:0:1 Page: /controller/action=openAddTariff Access time : 21 ms
2023-02-06 17:57:57,460 [http-nio-8080-exec-3] INFO  LogAccessFilter Login: admin, IP: 0:0:0:0:0:0:0:1 Page: /controller/action=addTariff Access time : 8 ms
2023-02-06 17:58:07,315 [http-nio-8080-exec-5] INFO  AddTariffCommand Tariff Ultra Internet with rate $11/14 day(s) successfully added.
2023-02-06 17:58:07,315 [http-nio-8080-exec-5] INFO  LogAccessFilter Login: admin, IP: 0:0:0:0:0:0:0:1 Page: /controller/action=addTariff Access time : 8 ms
2023-02-06 17:58:07,326 [http-nio-8080-exec-4] INFO  LogAccessFilter Login: admin, IP: 0:0:0:0:0:0:0:1 Page: /controller/action=viewTariffs&success=tariff_added Access time : 6 ms
2023-02-06 17:58:10,732 [http-nio-8080-exec-6] INFO  LogAccessFilter Login: admin, IP: 0:0:0:0:0:0:0:1 Page: /controller/action=viewTariffs&sortingField=name&sortingOrder=ASC&service=ALL&rowNumber=5 Access time : 4 ms
2023-02-06 17:58:14,980 [http-nio-8080-exec-7] INFO  LogAccessFilter Login: admin, IP: 0:0:0:0:0:0:0:1 Page: /controller/action=viewTariffs&sortingField=name&sortingOrder=ASC&rowNumber=5&service=INTERNET Access time : 10 ms
2023-02-06 17:58:18,950 [http-nio-8080-exec-8] INFO  LogAccessFilter Login: admin, IP: 0:0:0:0:0:0:0:1 Page: /controller/action=viewTariffs&page=2&sortingField=name&sortingOrder=ASC&service=INTERNET&rowNumber=5 Access time : 13 ms
2023-02-06 17:58:20,350 [http-nio-8080-exec-9] INFO  LogAccessFilter Login: admin, IP: 0:0:0:0:0:0:0:1 Page: /controller/action=viewTariffs&page=3&sortingField=name&sortingOrder=ASC&service=INTERNET&rowNumber=5 Access time : 9 ms
2023-02-06 17:58:27,294 [http-nio-8080-exec-1] INFO  RemoveTariffCommand Tariff with id 22 successfully removed.
2023-02-06 17:58:27,295 [http-nio-8080-exec-1] INFO  LogAccessFilter Login: admin, IP: 0:0:0:0:0:0:0:1 Page: /controller/action=removeTariff Access time : 9 ms
2023-02-06 17:58:27,308 [http-nio-8080-exec-10] INFO  LogAccessFilter Login: admin, IP: 0:0:0:0:0:0:0:1 Page: /controller/action=viewTariffs&success=remove_tariff Access time : 6 ms
2023-02-06 17:58:47,129 [pool-2-thread-1] INFO  DailyWithdrawCommand Daily withdrawal successfully completed.
2023-02-06 17:59:17,744 [http-nio-8080-exec-3] INFO  LogAccessFilter Login: admin, IP: 0:0:0:0:0:0:0:1 Page: /controller/action=viewTariffs&page=2&sortingField=name&sortingOrder=&service=ALL&rowNumber=5 Access time : 12 ms
2023-02-06 17:59:19,110 [http-nio-8080-exec-5] INFO  LogAccessFilter Login: admin, IP: 0:0:0:0:0:0:0:1 Page: /controller/action=viewTariffs&page=3&sortingField=name&sortingOrder=DESC&service=ALL&rowNumber=5 Access time : 12 ms
2023-02-06 17:59:20,824 [http-nio-8080-exec-4] INFO  LogAccessFilter Login: admin, IP: 0:0:0:0:0:0:0:1 Page: /controller/action=viewTariffs&page=4&sortingField=name&sortingOrder=DESC&service=ALL&rowNumber=5 Access time : 14 ms
2023-02-06 17:59:21,735 [http-nio-8080-exec-6] INFO  LogAccessFilter Login: admin, IP: 0:0:0:0:0:0:0:1 Page: /controller/action=viewTariffs&sortingField=name&sortingOrder=DESC&rowNumber=5&service=CABLE_TV Access time : 6 ms
2023-02-06 17:59:30,876 [http-nio-8080-exec-7] INFO  EditTariffCommand Tariff( 14) has been edited. TariffForm [name=Movie Buff, paymentPeriod=14, rate=20.1, service=CABLE_TV, description=Features a vast library of movies and on-demand content, with new titles added regularly.]
2023-02-06 17:59:30,877 [http-nio-8080-exec-7] INFO  LogAccessFilter Login: admin, IP: 0:0:0:0:0:0:0:1 Page: /controller/action=editTariff Access time : 8 ms
2023-02-06 17:59:30,891 [http-nio-8080-exec-8] INFO  LogAccessFilter Login: admin, IP: 0:0:0:0:0:0:0:1 Page: /controller/action=viewTariffs&success=tariff_edited Access time : 7 ms
2023-02-06 17:59:33,448 [http-nio-8080-exec-9] INFO  LogAccessFilter Login: admin, IP: 0:0:0:0:0:0:0:1 Page: /controller/action=viewTariffs&sortingField=name&sortingOrder=&rowNumber=5&service=CABLE_TV Access time : 6 ms
2023-02-06 17:59:38,565 [http-nio-8080-exec-1] INFO  LogAccessFilter Login: admin, IP: 0:0:0:0:0:0:0:1 Page: /controller/action=adminMenu Access time : 17 ms
2023-02-06 17:59:39,891 [http-nio-8080-exec-10] INFO  LogAccessFilter Login: admin, IP: 0:0:0:0:0:0:0:1 Page: /controller/action=viewSubscriberProfile&userId=21 Access time : 9 ms
2023-02-06 17:59:42,671 [http-nio-8080-exec-2] INFO  LogAccessFilter Login: admin, IP: 0:0:0:0:0:0:0:1 Page: /controller/action=viewSubscriberTariffs&userId=21 Access time : 5 ms
2023-02-06 17:59:43,963 [http-nio-8080-exec-3] INFO  LogAccessFilter Login: admin, IP: 0:0:0:0:0:0:0:1 Page: /controller/action=viewSubscriberAccount&userId=21 Access time : 9 ms
2023-02-06 17:59:53,353 [http-nio-8080-exec-5] INFO  LogAccessFilter Login: admin, IP: 0:0:0:0:0:0:0:1 Page: /controller/action=viewSubscriberAccount&userId=21 Access time : 10 ms
2023-02-06 18:00:33,743 [http-nio-8080-exec-6] INFO  LogAccessFilter Login: admin, IP: 0:0:0:0:0:0:0:1 Page: /controller/action=adminMenu Access time : 14 ms
2023-02-06 18:00:38,406 [http-nio-8080-exec-7] INFO  LogAccessFilter Login: admin, IP: 0:0:0:0:0:0:0:1 Page: /controller/action=viewSubscriberProfile&userId=21 Access time : 6 ms
2023-02-06 18:00:40,329 [http-nio-8080-exec-5] WARN  AuthenticationFilter An attempt to access viewSubscriberAccount failed.
2023-02-06 18:00:40,393 [http-nio-8080-exec-5] INFO  LogAccessFilter Login: Unlogged user, IP: 0:0:0:0:0:0:0:1 Page: /controller/action=viewSubscriberAccount&userId=21 Access time : 66 ms
2023-02-06 18:00:41,375 [pool-5-thread-1] INFO  DailyWithdrawCommand Daily withdrawal successfully completed.
2023-02-06 18:00:46,270 [http-nio-8080-exec-8] INFO  LoginCommand User with login admin successfully logged in.
2023-02-06 18:00:46,271 [http-nio-8080-exec-8] INFO  LogAccessFilter Login: Unlogged user, IP: 0:0:0:0:0:0:0:1 Page: /controller/action=login Access time : 27 ms
2023-02-06 18:00:46,281 [http-nio-8080-exec-6] INFO  LogAccessFilter Login: admin, IP: 0:0:0:0:0:0:0:1 Page: /index.jsp/success=login Access time : 6 ms
2023-02-06 18:00:47,666 [http-nio-8080-exec-3] INFO  LogAccessFilter Login: admin, IP: 0:0:0:0:0:0:0:1 Page: /controller/action=adminMenu Access time : 32 ms
2023-02-06 18:00:49,543 [http-nio-8080-exec-7] INFO  LogAccessFilter Login: admin, IP: 0:0:0:0:0:0:0:1 Page: /controller/action=adminMenu&searchField=&rowNumber=5&page=3 Access time : 4 ms
2023-02-06 18:00:51,411 [http-nio-8080-exec-10] INFO  LogAccessFilter Login: admin, IP: 0:0:0:0:0:0:0:1 Page: /controller/action=viewSubscriberProfile&userId=32 Access time : 17 ms
2023-02-06 18:00:52,356 [http-nio-8080-exec-4] INFO  LogAccessFilter Login: admin, IP: 0:0:0:0:0:0:0:1 Page: /controller/action=viewSubscriberAccount&userId=32 Access time : 26 ms
2023-02-06 18:00:55,726 [http-nio-8080-exec-1] INFO  LogAccessFilter Login: admin, IP: 0:0:0:0:0:0:0:1 Page: /controller/action=viewSubscriberTariffs&userId=32 Access time : 16 ms
2023-02-06 18:00:58,101 [http-nio-8080-exec-9] INFO  LogAccessFilter Login: admin, IP: 0:0:0:0:0:0:0:1 Page: /controller/action=viewSubscriberAccount&userId=32 Access time : 11 ms
2023-02-06 18:01:03,107 [http-nio-8080-exec-2] INFO  LogAccessFilter Login: admin, IP: 0:0:0:0:0:0:0:1 Page: /controller/action=viewSubscriberAccount&userId=32 Access time : 17 ms
2023-02-06 18:01:03,583 [http-nio-8080-exec-11] INFO  LogAccessFilter Login: admin, IP: 0:0:0:0:0:0:0:1 Page: /controller/action=viewSubscriberProfile&userId=32 Access time : 7 ms
2023-02-06 18:01:05,033 [http-nio-8080-exec-12] INFO  LogAccessFilter Login: admin, IP: 0:0:0:0:0:0:0:1 Page: /controller/action=adminMenu Access time : 9 ms
2023-02-06 18:01:06,958 [http-nio-8080-exec-6] INFO  LogAccessFilter Login: admin, IP: 0:0:0:0:0:0:0:1 Page: /controller/action=adminMenu&searchField=&rowNumber=5&page=3 Access time : 12 ms
2023-02-06 18:01:09,578 [http-nio-8080-exec-13] INFO  ChangeUserStatusCommand Status of the user with id 32 successfully changed.
2023-02-06 18:01:09,579 [http-nio-8080-exec-13] INFO  LogAccessFilter Login: admin, IP: 0:0:0:0:0:0:0:1 Page: /controller/action=changeUserStatus Access time : 7 ms
2023-02-06 18:01:09,587 [http-nio-8080-exec-14] INFO  LogAccessFilter Login: admin, IP: 0:0:0:0:0:0:0:1 Page: /controller/action=adminMenu&success=status_changed Access time : 4 ms
2023-02-06 18:01:11,376 [http-nio-8080-exec-15] INFO  LogAccessFilter Login: admin, IP: 0:0:0:0:0:0:0:1 Page: /controller/action=adminMenu&searchField=&rowNumber=5&page=3 Access time : 8 ms
2023-02-06 18:01:12,731 [http-nio-8080-exec-4] INFO  LogAccessFilter Login: admin, IP: 0:0:0:0:0:0:0:1 Page: /controller/action=viewSubscriberProfile&userId=32 Access time : 8 ms
2023-02-06 18:01:20,556 [http-nio-8080-exec-16] INFO  LogAccessFilter Login: admin, IP: 0:0:0:0:0:0:0:1 Page: /controller/action=adminMenu Access time : 11 ms
2023-02-06 18:01:22,074 [http-nio-8080-exec-17] INFO  LogAccessFilter Login: admin, IP: 0:0:0:0:0:0:0:1 Page: /controller/action=adminMenu&searchField=&rowNumber=5&page=3 Access time : 7 ms
2023-02-06 18:01:34,076 [http-nio-8080-exec-18] INFO  ChangeUserBalanceCommand Balance of user with id 32 changed.
2023-02-06 18:01:34,076 [http-nio-8080-exec-18] INFO  LogAccessFilter Login: admin, IP: 0:0:0:0:0:0:0:1 Page: /controller/action=changeUserBalance Access time : 8 ms
2023-02-06 18:01:34,086 [http-nio-8080-exec-11] INFO  LogAccessFilter Login: admin, IP: 0:0:0:0:0:0:0:1 Page: /controller/action=adminMenu&userId=32&success=balance_changed Access time : 6 ms
2023-02-06 18:01:35,861 [http-nio-8080-exec-12] INFO  LogAccessFilter Login: admin, IP: 0:0:0:0:0:0:0:1 Page: /controller/action=adminMenu&searchField=&rowNumber=5&page=3 Access time : 9 ms
2023-02-06 18:01:36,921 [http-nio-8080-exec-19] INFO  LogAccessFilter Login: admin, IP: 0:0:0:0:0:0:0:1 Page: /controller/action=viewSubscriberProfile&userId=32 Access time : 5 ms
2023-02-06 18:01:38,320 [http-nio-8080-exec-13] INFO  LogAccessFilter Login: admin, IP: 0:0:0:0:0:0:0:1 Page: /controller/action=viewSubscriberAccount&userId=32 Access time : 15 ms
2023-02-06 18:01:40,426 [http-nio-8080-exec-14] INFO  LogAccessFilter Login: admin, IP: 0:0:0:0:0:0:0:1 Page: /controller/action=viewSubscriberTariffs&userId=32 Access time : 8 ms
2023-02-06 18:01:41,875 [http-nio-8080-exec-15] INFO  LogAccessFilter Login: admin, IP: 0:0:0:0:0:0:0:1 Page: /controller/action=adminMenu Access time : 14 ms
2023-02-06 18:01:42,848 [http-nio-8080-exec-20] INFO  LogAccessFilter Login: admin, IP: 0:0:0:0:0:0:0:1 Page: /controller/action=adminMenu&searchField=&rowNumber=5&page=3 Access time : 5 ms
2023-02-06 18:01:47,826 [http-nio-8080-exec-16] INFO  LogAccessFilter Login: admin, IP: 0:0:0:0:0:0:0:1 Page: /controller/action=viewSubscriberProfile&userId=32 Access time : 8 ms
2023-02-06 18:01:49,104 [http-nio-8080-exec-17] INFO  LogAccessFilter Login: admin, IP: 0:0:0:0:0:0:0:1 Page: /controller/action=viewSubscriberTariffs&userId=32 Access time : 4 ms
2023-02-06 18:01:49,817 [http-nio-8080-exec-18] INFO  LogAccessFilter Login: admin, IP: 0:0:0:0:0:0:0:1 Page: /controller/action=viewSubscriberAccount&userId=32 Access time : 14 ms
2023-02-06 18:01:51,768 [http-nio-8080-exec-11] INFO  LogAccessFilter Login: admin, IP: 0:0:0:0:0:0:0:1 Page: /controller/action=adminMenu Access time : 9 ms
2023-02-06 18:01:53,308 [http-nio-8080-exec-12] INFO  LogAccessFilter Login: admin, IP: 0:0:0:0:0:0:0:1 Page: /controller/action=adminMenu&searchField=&rowNumber=5&page=2 Access time : 13 ms
2023-02-06 18:01:54,807 [http-nio-8080-exec-19] INFO  LogAccessFilter Login: admin, IP: 0:0:0:0:0:0:0:1 Page: /controller/action=adminMenu&searchField=&rowNumber=20 Access time : 12 ms
2023-02-06 18:02:16,824 [http-nio-8080-exec-14] INFO  LogoutCommand User successfully logged out.
2023-02-06 18:02:16,825 [http-nio-8080-exec-14] INFO  LogAccessFilter Login: admin, IP: 0:0:0:0:0:0:0:1 Page: /controller/action=logout Access time : 1 ms
2023-02-06 18:02:16,834 [http-nio-8080-exec-15] INFO  LogAccessFilter Login: Unlogged user, IP: 0:0:0:0:0:0:0:1 Page: /index.jsp/success=logout Access time : 4 ms
2023-02-06 18:02:20,441 [http-nio-8080-exec-20] INFO  LogAccessFilter Login: Unlogged user, IP: 0:0:0:0:0:0:0:1 Page: /controller/action=resetPassword Access time : 14 ms
2023-02-06 18:02:20,452 [http-nio-8080-exec-16] INFO  LogAccessFilter Login: Unlogged user, IP: 0:0:0:0:0:0:0:1 Page: /index.jsp/success=reset_password Access time : 3 ms
2023-02-06 18:02:21,949 [pool-6-thread-1] INFO  EmailUtil Email to winoca2167@chotunai.com was sent.
2023-02-06 18:02:41,358 [pool-5-thread-1] INFO  DailyWithdrawCommand Daily withdrawal successfully completed.
2023-02-06 18:02:42,604 [pool-6-thread-1] INFO  EmailUtil Email to emiliano1992@yahoo.com was sent.
2023-02-06 18:02:57,350 [http-nio-8080-exec-18] INFO  LoginCommand User with login subscriber1 successfully logged in.
2023-02-06 18:02:57,350 [http-nio-8080-exec-18] INFO  LogAccessFilter Login: Unlogged user, IP: 0:0:0:0:0:0:0:1 Page: /controller/action=login Access time : 2 ms
2023-02-06 18:02:57,358 [http-nio-8080-exec-11] INFO  LogAccessFilter Login: subscriber1, IP: 0:0:0:0:0:0:0:1 Page: /index.jsp/success=login Access time : 3 ms
2023-02-06 18:03:01,273 [http-nio-8080-exec-12] INFO  LogAccessFilter Login: subscriber1, IP: 0:0:0:0:0:0:0:1 Page: /controller/action=viewProfile Access time : 14 ms
2023-02-06 18:03:02,132 [http-nio-8080-exec-19] INFO  LogAccessFilter Login: subscriber1, IP: 0:0:0:0:0:0:0:1 Page: /controller/action=viewTariffs Access time : 26 ms
2023-02-06 18:03:03,224 [http-nio-8080-exec-13] INFO  LogAccessFilter Login: subscriber1, IP: 0:0:0:0:0:0:0:1 Page: /controller/action=viewTariffs&sortingField=name&sortingOrder=&rowNumber=5&service=TELEPHONE Access time : 10 ms
2023-02-06 18:03:05,424 [http-nio-8080-exec-14] INFO  LogAccessFilter Login: subscriber1, IP: 0:0:0:0:0:0:0:1 Page: /controller/action=viewTariffs&sortingField=name&sortingOrder=DESC&rowNumber=5&service=INTERNET Access time : 7 ms
2023-02-06 18:03:08,125 [http-nio-8080-exec-15] INFO  LogAccessFilter Login: subscriber1, IP: 0:0:0:0:0:0:0:1 Page: /controller/action=viewTariffs&sortingField=name&sortingOrder=DESC&rowNumber=5&service=CABLE_TV Access time : 13 ms
2023-02-06 18:03:08,533 [http-nio-8080-exec-20] INFO  LogAccessFilter Login: subscriber1, IP: 0:0:0:0:0:0:0:1 Page: /controller/action=viewTariffs&sortingField=name&sortingOrder=DESC&rowNumber=5&service=IP_TV Access time : 5 ms
2023-02-06 18:03:26,879 [http-nio-8080-exec-16] INFO  LogAccessFilter Login: subscriber1, IP: 0:0:0:0:0:0:0:1 Page: /controller/action=viewTariffs&page=2&sortingField=name&sortingOrder=DESC&service=IP_TV&rowNumber=5 Access time : 7 ms
2023-02-06 18:03:30,147 [http-nio-8080-exec-17] INFO  LogAccessFilter Login: subscriber1, IP: 0:0:0:0:0:0:0:1 Page: /controller/action=viewProfile Access time : 4 ms
2023-02-06 18:03:34,849 [http-nio-8080-exec-18] INFO  LogAccessFilter Login: subscriber1, IP: 0:0:0:0:0:0:0:1 Page: /controller/action=viewActiveTariffs Access time : 6 ms
2023-02-06 18:03:35,719 [http-nio-8080-exec-11] INFO  LogAccessFilter Login: subscriber1, IP: 0:0:0:0:0:0:0:1 Page: /controller/action=viewAccount Access time : 10 ms
2023-02-06 18:03:37,212 [http-nio-8080-exec-12] INFO  LogAccessFilter Login: subscriber1, IP: 0:0:0:0:0:0:0:1 Page: /controller/action=viewActiveTariffs Access time : 5 ms
2023-02-06 18:03:41,137 [http-nio-8080-exec-19] INFO  LogAccessFilter Login: subscriber1, IP: 0:0:0:0:0:0:0:1 Page: /controller/action=viewTariffs Access time : 7 ms
2023-02-06 18:03:43,526 [http-nio-8080-exec-13] INFO  LogAccessFilter Login: subscriber1, IP: 0:0:0:0:0:0:0:1 Page: /controller/action=viewTariffs&page=8&sortingField=name&sortingOrder=&service=ALL&rowNumber=5 Access time : 7 ms
2023-02-06 18:04:19,878 [http-nio-8080-exec-15] INFO  LogAccessFilter Login: subscriber1, IP: 0:0:0:0:0:0:0:1 Page: /controller/action=viewTariffs Access time : 6 ms
2023-02-06 18:04:21,123 [http-nio-8080-exec-20] INFO  LogAccessFilter Login: subscriber1, IP: 0:0:0:0:0:0:0:1 Page: /controller/action=viewTariffs Access time : 6 ms
2023-02-06 18:04:21,861 [http-nio-8080-exec-16] INFO  LogAccessFilter Login: subscriber1, IP: 0:0:0:0:0:0:0:1 Page: /controller/action=viewTariffs Access time : 10 ms
2023-02-06 18:04:41,373 [pool-5-thread-1] INFO  DailyWithdrawCommand Daily withdrawal successfully completed.
2023-02-06 18:04:53,704 [http-nio-8080-exec-18] INFO  LogAccessFilter Login: subscriber1, IP: 0:0:0:0:0:0:0:1 Page: /1234123/null Access time : 0 ms
2023-02-06 18:06:41,346 [pool-5-thread-1] INFO  DailyWithdrawCommand Daily withdrawal successfully completed.
2023-02-06 18:08:41,346 [pool-5-thread-1] INFO  DailyWithdrawCommand Daily withdrawal successfully completed.
2023-02-06 18:10:00,782 [pool-8-thread-1] INFO  DailyWithdrawCommand Daily withdrawal successfully completed.
2023-02-06 18:10:41,941 [pool-11-thread-1] INFO  DailyWithdrawCommand Daily withdrawal successfully completed.
2023-02-06 18:12:05,337 [http-nio-8080-exec-13] INFO  LogAccessFilter Login: Unlogged user, IP: 0:0:0:0:0:0:0:1 Page: /index.jsp/null Access time : 29 ms
2023-02-06 18:12:06,020 [http-nio-8080-exec-20] INFO  LogAccessFilter Login: Unlogged user, IP: 0:0:0:0:0:0:0:1 Page: /controller/action=viewTariffs Access time : 40 ms
2023-02-06 18:12:41,925 [pool-11-thread-1] INFO  DailyWithdrawCommand Daily withdrawal successfully completed.
2023-02-06 18:14:41,941 [pool-11-thread-1] INFO  DailyWithdrawCommand Daily withdrawal successfully completed.
2023-02-06 18:14:43,379 [pool-12-thread-1] INFO  EmailUtil Email to winoca2167@chotunai.com was sent.
2023-02-06 18:16:07,132 [pool-14-thread-1] INFO  DailyWithdrawCommand Daily withdrawal successfully completed.
2023-02-06 18:16:38,007 [pool-17-thread-1] INFO  DailyWithdrawCommand Daily withdrawal successfully completed.
2023-02-06 18:16:48,611 [pool-20-thread-1] INFO  DailyWithdrawCommand Daily withdrawal successfully completed.
2023-02-06 18:16:59,164 [pool-23-thread-1] INFO  DailyWithdrawCommand Daily withdrawal successfully completed.
2023-02-06 18:17:19,861 [pool-26-thread-1] INFO  DailyWithdrawCommand Daily withdrawal successfully completed.
2023-02-06 18:17:30,408 [pool-29-thread-1] INFO  DailyWithdrawCommand Daily withdrawal successfully completed.
2023-02-06 18:17:41,177 [pool-32-thread-1] INFO  DailyWithdrawCommand Daily withdrawal successfully completed.
2023-02-06 18:17:42,646 [pool-33-thread-1] INFO  EmailUtil Email to emiliano1992@yahoo.com was sent.
2023-02-06 18:18:01,902 [pool-35-thread-1] INFO  DailyWithdrawCommand Daily withdrawal successfully completed.
2023-02-06 18:18:12,503 [pool-38-thread-1] INFO  DailyWithdrawCommand Daily withdrawal successfully completed.
2023-02-06 18:20:12,467 [pool-38-thread-1] INFO  DailyWithdrawCommand Daily withdrawal successfully completed.
2023-02-06 18:20:24,321 [http-nio-8080-exec-29] INFO  LogAccessFilter Login: Unlogged user, IP: 0:0:0:0:0:0:0:1 Page: /index.jsp/null Access time : 37 ms
2023-02-06 18:20:26,982 [http-nio-8080-exec-23] INFO  LogAccessFilter Login: Unlogged user, IP: 0:0:0:0:0:0:0:1 Page: /in/null Access time : 1 ms
2023-02-06 18:21:05,943 [http-nio-8080-exec-27] INFO  LogAccessFilter Login: Unlogged user, IP: 0:0:0:0:0:0:0:1 Page: /index.jsp/null Access time : 8 ms
2023-02-06 18:21:08,529 [http-nio-8080-exec-24] WARN  LoginCommand Unsuccessful attempt to access account with login asdf.
2023-02-06 18:21:08,531 [http-nio-8080-exec-24] INFO  LogAccessFilter Login: Unlogged user, IP: 0:0:0:0:0:0:0:1 Page: /controller/action=login Access time : 19 ms
2023-02-06 18:21:12,941 [http-nio-8080-exec-30] INFO  LogAccessFilter Login: Unlogged user, IP: 0:0:0:0:0:0:0:1 Page: /asdfqwerqwe/null Access time : 0 ms
2023-02-06 18:21:15,526 [pool-41-thread-1] INFO  DailyWithdrawCommand Daily withdrawal successfully completed.
2023-02-06 18:21:32,955 [http-nio-8080-exec-15] INFO  LogAccessFilter Login: Unlogged user, IP: 0:0:0:0:0:0:0:1 Page: /controller/action=viewTariffs Access time : 60 ms
