2023-01-15 16:29:25,228 [pool-2-thread-1] INFO  DailyWithdrawCommand Daily withdrawal successfully completed.
2023-01-15 16:29:26,086 [http-nio-8080-exec-3] INFO  LogAccessFilter Login: Unlogged user, IP: 0:0:0:0:0:0:0:1 Page: /index.jsp/null Access time : 194 ms
2023-01-15 16:29:26,103 [http-nio-8080-exec-5] INFO  LogAccessFilter Login: Unlogged user, IP: 0:0:0:0:0:0:0:1 Page: /images/ua.png/null Access time : 1 ms
2023-01-15 16:29:26,103 [http-nio-8080-exec-4] INFO  LogAccessFilter Login: Unlogged user, IP: 0:0:0:0:0:0:0:1 Page: /images/gb.png/null Access time : 2 ms
2023-01-15 16:29:27,525 [http-nio-8080-exec-7] INFO  LogAccessFilter Login: Unlogged user, IP: 0:0:0:0:0:0:0:1 Page: /controller/action=viewTariffs Access time : 67 ms
2023-01-15 16:29:27,532 [http-nio-8080-exec-8] INFO  LogAccessFilter Login: Unlogged user, IP: 0:0:0:0:0:0:0:1 Page: /images/call-contact-phone-svgrepo-com.png/null Access time : 0 ms
2023-01-15 16:29:27,532 [http-nio-8080-exec-9] INFO  LogAccessFilter Login: Unlogged user, IP: 0:0:0:0:0:0:0:1 Page: /images/connection-svgrepo-com.png/null Access time : 0 ms
2023-01-15 16:29:27,538 [http-nio-8080-exec-10] INFO  LogAccessFilter Login: Unlogged user, IP: 0:0:0:0:0:0:0:1 Page: /images/smart-svgrepo-com.png/null Access time : 0 ms
2023-01-15 16:29:27,538 [http-nio-8080-exec-1] INFO  LogAccessFilter Login: Unlogged user, IP: 0:0:0:0:0:0:0:1 Page: /images/arrow.png/null Access time : 0 ms
2023-01-15 16:29:27,538 [http-nio-8080-exec-2] INFO  LogAccessFilter Login: Unlogged user, IP: 0:0:0:0:0:0:0:1 Page: /images/satelite-svgrepo-com.png/null Access time : 0 ms
2023-01-15 16:29:27,540 [http-nio-8080-exec-3] INFO  LogAccessFilter Login: Unlogged user, IP: 0:0:0:0:0:0:0:1 Page: /js/tariff_menu.js/null Access time : 1 ms
2023-01-15 16:29:29,461 [http-nio-8080-exec-5] INFO  LogAccessFilter Login: Unlogged user, IP: 0:0:0:0:0:0:0:1 Page: /faq.jsp/null Access time : 1107 ms
2023-01-15 16:29:30,819 [http-nio-8080-exec-4] INFO  LogAccessFilter Login: Unlogged user, IP: 0:0:0:0:0:0:0:1 Page: /about.jsp/null Access time : 280 ms
2023-01-15 16:29:31,330 [http-nio-8080-exec-6] INFO  LogAccessFilter Login: Unlogged user, IP: 0:0:0:0:0:0:0:1 Page: /controller/action=viewTariffs Access time : 7 ms
2023-01-15 16:31:25,172 [pool-2-thread-1] INFO  DailyWithdrawCommand Daily withdrawal successfully completed.
2023-01-15 16:33:25,176 [pool-2-thread-1] INFO  DailyWithdrawCommand Daily withdrawal successfully completed.
2023-01-15 16:35:25,172 [pool-2-thread-1] INFO  DailyWithdrawCommand Daily withdrawal successfully completed.
2023-01-15 16:36:52,977 [http-nio-8080-exec-2] INFO  LogAccessFilter Login: Unlogged user, IP: 0:0:0:0:0:0:0:1 Page: /index.jsp/null Access time : 15 ms
2023-01-15 16:36:53,637 [http-nio-8080-exec-3] INFO  LogAccessFilter Login: Unlogged user, IP: 0:0:0:0:0:0:0:1 Page: /controller/action=viewTariffs Access time : 10 ms
2023-01-15 16:37:25,176 [pool-2-thread-1] INFO  DailyWithdrawCommand Daily withdrawal successfully completed.
2023-01-15 16:39:25,177 [pool-2-thread-1] INFO  DailyWithdrawCommand Daily withdrawal successfully completed.
2023-01-15 16:41:25,177 [pool-2-thread-1] INFO  DailyWithdrawCommand Daily withdrawal successfully completed.
2023-01-15 16:43:25,173 [pool-2-thread-1] INFO  DailyWithdrawCommand Daily withdrawal successfully completed.
2023-01-15 16:44:26,655 [http-nio-8080-exec-6] INFO  LogAccessFilter Login: Unlogged user, IP: 0:0:0:0:0:0:0:1 Page: /controller/action=viewTariffs Access time : 11 ms
2023-01-15 16:45:25,175 [pool-2-thread-1] INFO  DailyWithdrawCommand Daily withdrawal successfully completed.
2023-01-15 16:47:25,173 [pool-2-thread-1] INFO  DailyWithdrawCommand Daily withdrawal successfully completed.
2023-01-15 16:49:25,175 [pool-2-thread-1] INFO  DailyWithdrawCommand Daily withdrawal successfully completed.
2023-01-15 16:51:25,177 [pool-2-thread-1] INFO  DailyWithdrawCommand Daily withdrawal successfully completed.
2023-01-15 16:53:25,176 [pool-2-thread-1] INFO  DailyWithdrawCommand Daily withdrawal successfully completed.
2023-01-15 16:55:25,176 [pool-2-thread-1] INFO  DailyWithdrawCommand Daily withdrawal successfully completed.
2023-01-15 16:57:25,176 [pool-2-thread-1] INFO  DailyWithdrawCommand Daily withdrawal successfully completed.
2023-01-15 16:59:25,176 [pool-2-thread-1] INFO  DailyWithdrawCommand Daily withdrawal successfully completed.
2023-01-15 17:01:25,176 [pool-2-thread-1] INFO  DailyWithdrawCommand Daily withdrawal successfully completed.
2023-01-15 17:03:25,176 [pool-2-thread-1] INFO  DailyWithdrawCommand Daily withdrawal successfully completed.
2023-01-15 17:05:25,176 [pool-2-thread-1] INFO  DailyWithdrawCommand Daily withdrawal successfully completed.
2023-01-15 17:07:25,176 [pool-2-thread-1] INFO  DailyWithdrawCommand Daily withdrawal successfully completed.
2023-01-15 17:09:25,176 [pool-2-thread-1] INFO  DailyWithdrawCommand Daily withdrawal successfully completed.
2023-01-15 17:11:25,176 [pool-2-thread-1] INFO  DailyWithdrawCommand Daily withdrawal successfully completed.
2023-01-15 17:13:25,172 [pool-2-thread-1] INFO  DailyWithdrawCommand Daily withdrawal successfully completed.
2023-01-15 17:15:25,175 [pool-2-thread-1] INFO  DailyWithdrawCommand Daily withdrawal successfully completed.
2023-01-15 17:15:47,768 [pool-4-thread-1] INFO  DailyWithdrawCommand Daily withdrawal successfully completed.
2023-01-15 17:17:47,737 [pool-4-thread-1] INFO  DailyWithdrawCommand Daily withdrawal successfully completed.
2023-01-15 17:19:47,738 [pool-4-thread-1] INFO  DailyWithdrawCommand Daily withdrawal successfully completed.
2023-01-15 17:21:47,739 [pool-4-thread-1] INFO  DailyWithdrawCommand Daily withdrawal successfully completed.
2023-01-15 17:23:47,739 [pool-4-thread-1] INFO  DailyWithdrawCommand Daily withdrawal successfully completed.
2023-01-15 17:24:35,763 [pool-6-thread-1] INFO  DailyWithdrawCommand Daily withdrawal successfully completed.
2023-01-15 17:26:35,729 [pool-6-thread-1] INFO  DailyWithdrawCommand Daily withdrawal successfully completed.
2023-01-15 17:28:35,734 [pool-6-thread-1] INFO  DailyWithdrawCommand Daily withdrawal successfully completed.
2023-01-15 17:30:35,732 [pool-6-thread-1] INFO  DailyWithdrawCommand Daily withdrawal successfully completed.
2023-01-15 17:32:35,733 [pool-6-thread-1] INFO  DailyWithdrawCommand Daily withdrawal successfully completed.
2023-01-15 17:34:35,734 [pool-6-thread-1] INFO  DailyWithdrawCommand Daily withdrawal successfully completed.
2023-01-15 17:36:35,734 [pool-6-thread-1] INFO  DailyWithdrawCommand Daily withdrawal successfully completed.
2023-01-15 17:38:35,734 [pool-6-thread-1] INFO  DailyWithdrawCommand Daily withdrawal successfully completed.
2023-01-15 17:40:35,729 [pool-6-thread-1] INFO  DailyWithdrawCommand Daily withdrawal successfully completed.
2023-01-15 17:42:35,734 [pool-6-thread-1] INFO  DailyWithdrawCommand Daily withdrawal successfully completed.
2023-01-15 17:44:35,734 [pool-6-thread-1] INFO  DailyWithdrawCommand Daily withdrawal successfully completed.
2023-01-15 17:46:35,730 [pool-6-thread-1] INFO  DailyWithdrawCommand Daily withdrawal successfully completed.
2023-01-15 17:48:35,729 [pool-6-thread-1] INFO  DailyWithdrawCommand Daily withdrawal successfully completed.
2023-01-15 17:50:35,734 [pool-6-thread-1] INFO  DailyWithdrawCommand Daily withdrawal successfully completed.
2023-01-15 17:52:35,734 [pool-6-thread-1] INFO  DailyWithdrawCommand Daily withdrawal successfully completed.
2023-01-15 17:54:35,730 [pool-6-thread-1] INFO  DailyWithdrawCommand Daily withdrawal successfully completed.
2023-01-15 17:56:35,734 [pool-6-thread-1] INFO  DailyWithdrawCommand Daily withdrawal successfully completed.
2023-01-15 17:58:35,733 [pool-6-thread-1] INFO  DailyWithdrawCommand Daily withdrawal successfully completed.
2023-01-15 18:00:35,729 [pool-6-thread-1] INFO  DailyWithdrawCommand Daily withdrawal successfully completed.
2023-01-15 18:02:35,730 [pool-6-thread-1] INFO  DailyWithdrawCommand Daily withdrawal successfully completed.
2023-01-15 18:04:18,180 [pool-8-thread-1] INFO  DailyWithdrawCommand Daily withdrawal successfully completed.
2023-01-15 18:04:28,819 [pool-10-thread-1] INFO  DailyWithdrawCommand Daily withdrawal successfully completed.
2023-01-15 18:04:59,723 [pool-12-thread-1] INFO  DailyWithdrawCommand Daily withdrawal successfully completed.
2023-01-15 18:05:10,289 [pool-14-thread-1] INFO  DailyWithdrawCommand Daily withdrawal successfully completed.
2023-01-15 18:05:20,395 [pool-2-thread-1] INFO  DailyWithdrawCommand Daily withdrawal successfully completed.
2023-01-15 18:05:22,528 [http-nio-8080-exec-2] INFO  LogAccessFilter Login: Unlogged user, IP: 0:0:0:0:0:0:0:1 Page: /test/null Access time : 10 ms
2023-01-15 18:05:24,460 [pool-3-thread-1] INFO  EmailUtil Email to yinigac598@usharer.com was sent.
2023-01-15 18:05:26,668 [pool-3-thread-1] INFO  EmailUtil Email to yinigac598@usharer.com was sent.
2023-01-15 18:05:41,424 [pool-5-thread-1] INFO  DailyWithdrawCommand Daily withdrawal successfully completed.
2023-01-15 18:06:14,571 [http-nio-8080-exec-10] INFO  LogAccessFilter Login: Unlogged user, IP: 0:0:0:0:0:0:0:1 Page: /test/null Access time : 9 ms
2023-01-15 18:06:15,825 [pool-6-thread-1] INFO  EmailUtil Email to yinigac598@usharer.com was sent.
2023-01-15 18:06:16,979 [pool-6-thread-1] INFO  EmailUtil Email to yinigac598@usharer.com was sent.
2023-01-15 18:06:18,160 [pool-6-thread-1] INFO  EmailUtil Email to yinigac598@usharer.com was sent.
2023-01-15 18:07:03,225 [pool-8-thread-1] INFO  DailyWithdrawCommand Daily withdrawal successfully completed.
2023-01-15 18:07:34,143 [pool-10-thread-1] INFO  DailyWithdrawCommand Daily withdrawal successfully completed.
2023-01-15 18:07:35,753 [http-nio-8080-exec-3] INFO  LogAccessFilter Login: Unlogged user, IP: 0:0:0:0:0:0:0:1 Page: /test/null Access time : 7 ms
2023-01-15 18:07:36,986 [pool-11-thread-1] INFO  EmailUtil Email to yinigac598@usharer.com was sent.
2023-01-15 18:07:37,887 [http-nio-8080-exec-6] INFO  LogAccessFilter Login: Unlogged user, IP: 0:0:0:0:0:0:0:1 Page: /test/null Access time : 0 ms
2023-01-15 18:07:38,196 [pool-11-thread-1] INFO  EmailUtil Email to yinigac598@usharer.com was sent.
2023-01-15 18:07:39,407 [pool-11-thread-1] INFO  EmailUtil Email to yinigac598@usharer.com was sent.
2023-01-15 18:07:40,569 [pool-11-thread-1] INFO  EmailUtil Email to yinigac598@usharer.com was sent.
2023-01-15 18:07:41,716 [pool-11-thread-1] INFO  EmailUtil Email to yinigac598@usharer.com was sent.
2023-01-15 18:07:42,880 [pool-11-thread-1] INFO  EmailUtil Email to yinigac598@usharer.com was sent.
2023-01-15 18:09:34,111 [pool-10-thread-1] INFO  DailyWithdrawCommand Daily withdrawal successfully completed.
2023-01-15 18:11:34,111 [pool-10-thread-1] INFO  DailyWithdrawCommand Daily withdrawal successfully completed.
2023-01-15 18:13:34,111 [pool-10-thread-1] INFO  DailyWithdrawCommand Daily withdrawal successfully completed.
2023-01-15 18:15:34,109 [pool-10-thread-1] INFO  DailyWithdrawCommand Daily withdrawal successfully completed.
2023-01-15 18:17:34,110 [pool-10-thread-1] INFO  DailyWithdrawCommand Daily withdrawal successfully completed.
2023-01-15 18:19:34,108 [pool-10-thread-1] INFO  DailyWithdrawCommand Daily withdrawal successfully completed.
